0 info it worked if it ends with ok
1 verbose cli [ '/home/samundrak/.nvm/versions/node/v6.5.0/bin/node',
1 verbose cli   '/home/samundrak/.nvm/versions/node/v6.5.0/bin/npm',
1 verbose cli   'start' ]
2 info using npm@3.10.3
3 info using node@v6.5.0
4 verbose run-script [ 'prestart', 'start', 'poststart' ]
5 info lifecycle SaveToDrive@1.0.0~prestart: SaveToDrive@1.0.0
6 verbose lifecycle SaveToDrive@1.0.0~prestart: unsafe-perm in lifecycle true
7 verbose lifecycle SaveToDrive@1.0.0~prestart: PATH: /home/samundrak/.nvm/versions/node/v6.5.0/lib/node_modules/npm/bin/node-gyp-bin:/home/samundrak/savetodrive/node_modules/.bin:/home/samundrak/.nvm/versions/node/v6.5.0/bin:/home/samundrak/.nvm/versions/node/v6.5.0/bin:/usr/local/sbin:/usr/local/bin:/usr/sbin:/usr/bin:/sbin:/bin:/usr/games:/usr/local/games:/snap/bin
8 verbose lifecycle SaveToDrive@1.0.0~prestart: CWD: /home/samundrak/savetodrive
9 silly lifecycle SaveToDrive@1.0.0~prestart: Args: [ '-c', 'babel-node tools/startMessage.js' ]
10 silly lifecycle SaveToDrive@1.0.0~prestart: Returned: code: 0  signal: null
11 info lifecycle SaveToDrive@1.0.0~start: SaveToDrive@1.0.0
12 verbose lifecycle SaveToDrive@1.0.0~start: unsafe-perm in lifecycle true
13 verbose lifecycle SaveToDrive@1.0.0~start: PATH: /home/samundrak/.nvm/versions/node/v6.5.0/lib/node_modules/npm/bin/node-gyp-bin:/home/samundrak/savetodrive/node_modules/.bin:/home/samundrak/.nvm/versions/node/v6.5.0/bin:/home/samundrak/.nvm/versions/node/v6.5.0/bin:/usr/local/sbin:/usr/local/bin:/usr/sbin:/usr/bin:/sbin:/bin:/usr/games:/usr/local/games:/snap/bin
14 verbose lifecycle SaveToDrive@1.0.0~start: CWD: /home/samundrak/savetodrive
15 silly lifecycle SaveToDrive@1.0.0~start: Args: [ '-c',
15 silly lifecycle   'npm-run-all --parallel open:src lint:watch test:watch' ]
16 silly lifecycle SaveToDrive@1.0.0~start: Returned: code: 1  signal: null
17 info lifecycle SaveToDrive@1.0.0~start: Failed to exec start script
18 verbose stack Error: SaveToDrive@1.0.0 start: `npm-run-all --parallel open:src lint:watch test:watch`
18 verbose stack Exit status 1
18 verbose stack     at EventEmitter.<anonymous> (/home/samundrak/.nvm/versions/node/v6.5.0/lib/node_modules/npm/lib/utils/lifecycle.js:242:16)
18 verbose stack     at emitTwo (events.js:106:13)
18 verbose stack     at EventEmitter.emit (events.js:191:7)
18 verbose stack     at ChildProcess.<anonymous> (/home/samundrak/.nvm/versions/node/v6.5.0/lib/node_modules/npm/lib/utils/spawn.js:40:14)
18 verbose stack     at emitTwo (events.js:106:13)
18 verbose stack     at ChildProcess.emit (events.js:191:7)
18 verbose stack     at maybeClose (internal/child_process.js:877:16)
18 verbose stack     at Process.ChildProcess._handle.onexit (internal/child_process.js:226:5)
19 verbose pkgid SaveToDrive@1.0.0
20 verbose cwd /home/samundrak/savetodrive
21 error Linux 4.4.0-45-generic
22 error argv "/home/samundrak/.nvm/versions/node/v6.5.0/bin/node" "/home/samundrak/.nvm/versions/node/v6.5.0/bin/npm" "start"
23 error node v6.5.0
24 error npm  v3.10.3
25 error code ELIFECYCLE
26 error SaveToDrive@1.0.0 start: `npm-run-all --parallel open:src lint:watch test:watch`
26 error Exit status 1
27 error Failed at the SaveToDrive@1.0.0 start script 'npm-run-all --parallel open:src lint:watch test:watch'.
27 error Make sure you have the latest version of node.js and npm installed.
27 error If you do, this is most likely a problem with the SaveToDrive package,
27 error not with npm itself.
27 error Tell the author that this fails on your system:
27 error     npm-run-all --parallel open:src lint:watch test:watch
27 error You can get information on how to open an issue for this project with:
27 error     npm bugs SaveToDrive
27 error Or if that isn't available, you can get their info via:
27 error     npm owner ls SaveToDrive
27 error There is likely additional logging output above.
28 verbose exit [ 1, true ]
